<?xml version="1.0" encoding="UTF-8"?>
<testsuite xmlns:xsi="http://www.w3.org/2001/XMLSchema-instance" xsi:noNamespaceSchemaLocation="https://maven.apache.org/surefire/maven-surefire-plugin/xsd/surefire-test-report.xsd" version="3.0.1" name="airlinebookingapp.test.BookingServiceTest" time="1.029" tests="10" errors="0" skipped="0" failures="0">
  <properties>
[...]
</properties>
  <testcase name="createBookingConcurrent_success_reducesSeatsAndAddsToList" classname="airlinebookingapp.test.BookingServiceTest" time="0.013"/>
  <testcase name="getAllConfirmedBooking_returnsOnlyConfirmed" classname="airlinebookingapp.test.BookingServiceTest" time="0.008"/>
  <testcase name="createBookingConcurrent_notEnoughSeats_throwsException" classname="airlinebookingapp.test.BookingServiceTest" time="0.012"/>
  <testcase name="searchByBookingId_notFoundThrowsException" classname="airlinebookingapp.test.BookingServiceTest" time="0.533"/>
  <testcase name="searchByBookingId_notFound_throws" classname="airlinebookingapp.test.BookingServiceTest" time="0.11"/>
  <testcase name="createBooking_successReturnsBooking" classname="airlinebookingapp.test.BookingServiceTest" time="0.001"/>
  <testcase name="createBooking_failsWhenFlightHasNotEnoughSeats" classname="airlinebookingapp.test.BookingServiceTest" time="0.005"/>
  <testcase name="getBookingByPassenger_filtersByPassengerId" classname="airlinebookingapp.test.BookingServiceTest" time="0.003"/>
  <testcase name="cancelBooking_setsStatusCancelled" classname="airlinebookingapp.test.BookingServiceTest" time="0.144"/>
  <testcase name="confirmedAndCancelledCount_callsDAO" classname="airlinebookingapp.test.BookingServiceTest" time="0.181"/>
</testsuite>